# JRE version: OpenJDK Runtime Environment Temurin-21.0.10+7 (21.0.10+7) (build 21.0.10+7-LTS)
# Java VM: OpenJDK 64-Bit Server VM Temurin-21.0.10+7 (21.0.10+7-LTS, mixed mode, sharing, tiered, compressed oops, compressed class ptrs, parallel gc, windows-amd64)
GC Precious Log:
 CardTable entry size: 512
 CPUs: 4 total, 4 available
 Memory: 7991M
 Large Page Support: Disabled
 NUMA Support: Disabled
 Compressed Oops: Enabled (32-bit)
 Alignments: Space 512K, Generation 512K, Heap 2M
 Heap Min Capacity: 100M
 Heap Initial Capacity: 100M
 Heap Max Capacity: 2G
 Pre-touch: Disabled
 Parallel Workers: 4
Heap:
 PSYoungGen      total 6656K, used 5630K [0x00000000d5580000, 0x00000000d6200000, 0x0000000100000000)
  eden space 6144K, 84% used [0x00000000d5580000,0x00000000d5a93b80,0x00000000d5b80000)
  from space 512K, 84% used [0x00000000d6180000,0x00000000d61ec030,0x00000000d6200000)
  to   space 512K, 0% used [0x00000000d6100000,0x00000000d6100000,0x00000000d6180000)
 ParOldGen       total 107008K, used 105613K [0x0000000080000000, 0x0000000086880000, 0x00000000d5580000)
  object space 107008K, 98% used [0x0000000080000000,0x00000000867237c0,0x0000000086880000)
 Metaspace       used 71181K, committed 72640K, reserved 1114112K
  class space    used 7473K, committed 8128K, reserved 1048576K
GC Heap History (20 events):
Event: 1514.265 GC heap before
{Heap before GC invocations=86 (full 3):
 PSYoungGen      total 14848K, used 14560K [0x00000000d5580000, 0x00000000d6700000, 0x0000000100000000)
  eden space 13824K, 100% used [0x00000000d5580000,0x00000000d6300000,0x00000000d6300000)
  from space 1024K, 71% used [0x00000000d6600000,0x00000000d66b8000,0x00000000d6700000)
  to   space 1536K, 0% used [0x00000000d6400000,0x00000000d6400000,0x00000000d6580000)
 ParOldGen       total 68608K, used 63971K [0x0000000080000000, 0x0000000084300000, 0x00000000d5580000)
  object space 68608K, 93% used [0x0000000080000000,0x0000000083e78dd8,0x0000000084300000)
 Metaspace       used 67187K, committed 68672K, reserved 1114112K
  class space    used 7124K, committed 7808K, reserved 1048576K
}
Event: 1514.268 GC heap after
{Heap after GC invocations=86 (full 3):
 PSYoungGen      total 15360K, used 681K [0x00000000d5580000, 0x00000000d6680000, 0x0000000100000000)
  eden space 13824K, 0% used [0x00000000d5580000,0x00000000d5580000,0x00000000d6300000)
  from space 1536K, 44% used [0x00000000d6400000,0x00000000d64aa6e8,0x00000000d6580000)
  to   space 1024K, 0% used [0x00000000d6580000,0x00000000d6580000,0x00000000d6680000)
 ParOldGen       total 68608K, used 64635K [0x0000000080000000, 0x0000000084300000, 0x00000000d5580000)
  object space 68608K, 94% used [0x0000000080000000,0x0000000083f1ed68,0x0000000084300000)
 Metaspace       used 67187K, committed 68672K, reserved 1114112K
  class space    used 7124K, committed 7808K, reserved 1048576K
}
Event: 1514.721 GC heap before
{Heap before GC invocations=87 (full 3):
 PSYoungGen      total 15360K, used 14505K [0x00000000d5580000, 0x00000000d6680000, 0x0000000100000000)
  eden space 13824K, 100% used [0x00000000d5580000,0x00000000d6300000,0x00000000d6300000)
  from space 1536K, 44% used [0x00000000d6400000,0x00000000d64aa6e8,0x00000000d6580000)
  to   space 1024K, 0% used [0x00000000d6580000,0x00000000d6580000,0x00000000d6680000)
 ParOldGen       total 68608K, used 64635K [0x0000000080000000, 0x0000000084300000, 0x00000000d5580000)
  object space 68608K, 94% used [0x0000000080000000,0x0000000083f1ed68,0x0000000084300000)
 Metaspace       used 68114K, committed 69568K, reserved 1114112K
  class space    used 7249K, committed 7872K, reserved 1048576K
}
Event: 1514.724 GC heap after
{Heap after GC invocations=87 (full 3):
 PSYoungGen      total 14336K, used 994K [0x00000000d5580000, 0x00000000d6900000, 0x0000000100000000)
  eden space 13312K, 0% used [0x00000000d5580000,0x00000000d5580000,0x00000000d6280000)
  from space 1024K, 97% used [0x00000000d6580000,0x00000000d6678b40,0x00000000d6680000)
  to   space 3072K, 0% used [0x00000000d6280000,0x00000000d6280000,0x00000000d6580000)
 ParOldGen       total 68608K, used 65923K [0x0000000080000000, 0x0000000084300000, 0x00000000d5580000)
  object space 68608K, 96% used [0x0000000080000000,0x0000000084060ee8,0x0000000084300000)
 Metaspace       used 68114K, committed 69568K, reserved 1114112K
  class space    used 7249K, committed 7872K, reserved 1048576K
}
Event: 1515.398 GC heap before
{Heap before GC invocations=88 (full 3):
 PSYoungGen      total 14336K, used 14306K [0x00000000d5580000, 0x00000000d6900000, 0x0000000100000000)
  eden space 13312K, 100% used [0x00000000d5580000,0x00000000d6280000,0x00000000d6280000)
  from space 1024K, 97% used [0x00000000d6580000,0x00000000d6678b40,0x00000000d6680000)
  to   space 3072K, 0% used [0x00000000d6280000,0x00000000d6280000,0x00000000d6580000)
 ParOldGen       total 68608K, used 65923K [0x0000000080000000, 0x0000000084300000, 0x00000000d5580000)
  object space 68608K, 96% used [0x0000000080000000,0x0000000084060ee8,0x0000000084300000)
 Metaspace       used 69109K, committed 70592K, reserved 1114112K
  class space    used 7268K, committed 7936K, reserved 1048576K
}
Event: 1515.405 GC heap after
{Heap after GC invocations=88 (full 3):
 PSYoungGen      total 15872K, used 2100K [0x00000000d5580000, 0x00000000d6780000, 0x0000000100000000)
  eden space 13312K, 0% used [0x00000000d5580000,0x00000000d5580000,0x00000000d6280000)
  from space 2560K, 82% used [0x00000000d6280000,0x00000000d648d0c0,0x00000000d6500000)
  to   space 2560K, 0% used [0x00000000d6500000,0x00000000d6500000,0x00000000d6780000)
 ParOldGen       total 68608K, used 66901K [0x0000000080000000, 0x0000000084300000, 0x00000000d5580000)
  object space 68608K, 97% used [0x0000000080000000,0x0000000084155760,0x0000000084300000)
 Metaspace       used 69109K, committed 70592K, reserved 1114112K
  class space    used 7268K, committed 7936K, reserved 1048576K
}
Event: 1515.633 GC heap before
{Heap before GC invocations=89 (full 3):
 PSYoungGen      total 15872K, used 15412K [0x00000000d5580000, 0x00000000d6780000, 0x0000000100000000)
  eden space 13312K, 100% used [0x00000000d5580000,0x00000000d6280000,0x00000000d6280000)
  from space 2560K, 82% used [0x00000000d6280000,0x00000000d648d0c0,0x00000000d6500000)
  to   space 2560K, 0% used [0x00000000d6500000,0x00000000d6500000,0x00000000d6780000)
 ParOldGen       total 68608K, used 66901K [0x0000000080000000, 0x0000000084300000, 0x00000000d5580000)
  object space 68608K, 97% used [0x0000000080000000,0x0000000084155760,0x0000000084300000)
 Metaspace       used 69301K, committed 70720K, reserved 1114112K
  class space    used 7279K, committed 7936K, reserved 1048576K
}
Event: 1515.638 GC heap after
{Heap after GC invocations=89 (full 3):
 PSYoungGen      total 8704K, used 2545K [0x00000000d5580000, 0x00000000d7580000, 0x0000000100000000)
  eden space 6144K, 0% used [0x00000000d5580000,0x00000000d5580000,0x00000000d5b80000)
  from space 2560K, 99% used [0x00000000d6500000,0x00000000d677c5f8,0x00000000d6780000)
  to   space 9728K, 0% used [0x00000000d5b80000,0x00000000d5b80000,0x00000000d6500000)
 ParOldGen       total 73216K, used 72798K [0x0000000080000000, 0x0000000084780000, 0x00000000d5580000)
  object space 73216K, 99% used [0x0000000080000000,0x0000000084717b30,0x0000000084780000)
 Metaspace       used 69301K, committed 70720K, reserved 1114112K
  class space    used 7279K, committed 7936K, reserved 1048576K
}
Event: 1515.987 GC heap before
{Heap before GC invocations=90 (full 3):
 PSYoungGen      total 8704K, used 8689K [0x00000000d5580000, 0x00000000d7580000, 0x0000000100000000)
  eden space 6144K, 100% used [0x00000000d5580000,0x00000000d5b80000,0x00000000d5b80000)
  from space 2560K, 99% used [0x00000000d6500000,0x00000000d677c5f8,0x00000000d6780000)
  to   space 9728K, 0% used [0x00000000d5b80000,0x00000000d5b80000,0x00000000d6500000)
 ParOldGen       total 73216K, used 72798K [0x0000000080000000, 0x0000000084780000, 0x00000000d5580000)
  object space 73216K, 99% used [0x0000000080000000,0x0000000084717b30,0x0000000084780000)
 Metaspace       used 69523K, committed 70976K, reserved 1114112K
  class space    used 7312K, committed 8000K, reserved 1048576K
}
Event: 1515.989 GC heap after
{Heap after GC invocations=90 (full 3):
 PSYoungGen      total 7168K, used 704K [0x00000000d5580000, 0x00000000d6580000, 0x0000000100000000)
  eden space 6144K, 0% used [0x00000000d5580000,0x00000000d5580000,0x00000000d5b80000)
  from space 1024K, 68% used [0x00000000d5b80000,0x00000000d5c30000,0x00000000d5c80000)
  to   space 3584K, 0% used [0x00000000d6200000,0x00000000d6200000,0x00000000d6580000)
 ParOldGen       total 73216K, used 72926K [0x0000000080000000, 0x0000000084780000, 0x00000000d5580000)
  object space 73216K, 99% used [0x0000000080000000,0x0000000084737b30,0x0000000084780000)
 Metaspace       used 69523K, committed 70976K, reserved 1114112K
  class space    used 7312K, committed 8000K, reserved 1048576K
}
Event: 1516.346 GC heap before
{Heap before GC invocations=91 (full 3):
 PSYoungGen      total 7168K, used 6848K [0x00000000d5580000, 0x00000000d6580000, 0x0000000100000000)
  eden space 6144K, 100% used [0x00000000d5580000,0x00000000d5b80000,0x00000000d5b80000)
  from space 1024K, 68% used [0x00000000d5b80000,0x00000000d5c30000,0x00000000d5c80000)
  to   space 3584K, 0% used [0x00000000d6200000,0x00000000d6200000,0x00000000d6580000)
 ParOldGen       total 73216K, used 72926K [0x0000000080000000, 0x0000000084780000, 0x00000000d5580000)
  object space 73216K, 99% used [0x0000000080000000,0x0000000084737b30,0x0000000084780000)
 Metaspace       used 69786K, committed 71232K, reserved 1114112K
  class space    used 7347K, committed 8000K, reserved 1048576K
}
Event: 1516.348 GC heap after
{Heap after GC invocations=91 (full 3):
 PSYoungGen      total 7168K, used 704K [0x00000000d5580000, 0x00000000d6300000, 0x0000000100000000)
  eden space 6144K, 0% used [0x00000000d5580000,0x00000000d5580000,0x00000000d5b80000)
  from space 1024K, 68% used [0x00000000d6200000,0x00000000d62b0000,0x00000000d6300000)
  to   space 1536K, 0% used [0x00000000d6000000,0x00000000d6000000,0x00000000d6180000)
 ParOldGen       total 73728K, used 73529K [0x0000000080000000, 0x0000000084800000, 0x00000000d5580000)
  object space 73728K, 99% used [0x0000000080000000,0x00000000847ce5d8,0x0000000084800000)
 Metaspace       used 69786K, committed 71232K, reserved 1114112K
  class space    used 7347K, committed 8000K, reserved 1048576K
}
Event: 1516.475 GC heap before
{Heap before GC invocations=92 (full 3):
 PSYoungGen      total 7168K, used 6847K [0x00000000d5580000, 0x00000000d6300000, 0x0000000100000000)
  eden space 6144K, 99% used [0x00000000d5580000,0x00000000d5b7ffe0,0x00000000d5b80000)
  from space 1024K, 68% used [0x00000000d6200000,0x00000000d62b0000,0x00000000d6300000)
  to   space 1536K, 0% used [0x00000000d6000000,0x00000000d6000000,0x00000000d6180000)
 ParOldGen       total 73728K, used 73529K [0x0000000080000000, 0x0000000084800000, 0x00000000d5580000)
  object space 73728K, 99% used [0x0000000080000000,0x00000000847ce5d8,0x0000000084800000)
 Metaspace       used 69833K, committed 71296K, reserved 1114112K
  class space    used 7347K, committed 8000K, reserved 1048576K
}
Event: 1516.476 GC heap after
{Heap after GC invocations=92 (full 3):
 PSYoungGen      total 7680K, used 512K [0x00000000d5580000, 0x00000000d6280000, 0x0000000100000000)
  eden space 6144K, 0% used [0x00000000d5580000,0x00000000d5580000,0x00000000d5b80000)
  from space 1536K, 33% used [0x00000000d6000000,0x00000000d6080000,0x00000000d6180000)
  to   space 1024K, 0% used [0x00000000d6180000,0x00000000d6180000,0x00000000d6280000)
 ParOldGen       total 74240K, used 74101K [0x0000000080000000, 0x0000000084880000, 0x00000000d5580000)
  object space 74240K, 99% used [0x0000000080000000,0x000000008485d5e8,0x0000000084880000)
 Metaspace       used 69833K, committed 71296K, reserved 1114112K
  class space    used 7347K, committed 8000K, reserved 1048576K
}
Event: 1516.671 GC heap before
{Heap before GC invocations=93 (full 3):
 PSYoungGen      total 7680K, used 6633K [0x00000000d5580000, 0x00000000d6280000, 0x0000000100000000)
  eden space 6144K, 99% used [0x00000000d5580000,0x00000000d5b7a510,0x00000000d5b80000)
  from space 1536K, 33% used [0x00000000d6000000,0x00000000d6080000,0x00000000d6180000)
  to   space 1024K, 0% used [0x00000000d6180000,0x00000000d6180000,0x00000000d6280000)
 ParOldGen       total 74240K, used 74101K [0x0000000080000000, 0x0000000084880000, 0x00000000d5580000)
  object space 74240K, 99% used [0x0000000080000000,0x000000008485d5e8,0x0000000084880000)
 Metaspace       used 70180K, committed 71616K, reserved 1114112K
  class space    used 7394K, committed 8064K, reserved 1048576K
}
Event: 1516.672 GC heap after
{Heap after GC invocations=93 (full 3):
 PSYoungGen      total 6656K, used 453K [0x00000000d5580000, 0x00000000d6200000, 0x0000000100000000)
  eden space 6144K, 0% used [0x00000000d5580000,0x00000000d5580000,0x00000000d5b80000)
  from space 512K, 88% used [0x00000000d6180000,0x00000000d61f1420,0x00000000d6200000)
  to   space 512K, 0% used [0x00000000d6100000,0x00000000d6100000,0x00000000d6180000)
 ParOldGen       total 74752K, used 74421K [0x0000000080000000, 0x0000000084900000, 0x00000000d5580000)
  object space 74752K, 99% used [0x0000000080000000,0x00000000848ad5e8,0x0000000084900000)
 Metaspace       used 70180K, committed 71616K, reserved 1114112K
  class space    used 7394K, committed 8064K, reserved 1048576K
}
Event: 1635.545 GC heap before
{Heap before GC invocations=94 (full 3):
 PSYoungGen      total 6656K, used 6597K [0x00000000d5580000, 0x00000000d6200000, 0x0000000100000000)
  eden space 6144K, 100% used [0x00000000d5580000,0x00000000d5b80000,0x00000000d5b80000)
  from space 512K, 88% used [0x00000000d6180000,0x00000000d61f1420,0x00000000d6200000)
  to   space 512K, 0% used [0x00000000d6100000,0x00000000d6100000,0x00000000d6180000)
 ParOldGen       total 74752K, used 74421K [0x0000000080000000, 0x0000000084900000, 0x00000000d5580000)
  object space 74752K, 99% used [0x0000000080000000,0x00000000848ad5e8,0x0000000084900000)
 Metaspace       used 70665K, committed 72256K, reserved 1114112K
  class space    used 7432K, committed 8128K, reserved 1048576K
}
Event: 1635.581 GC heap after
{Heap after GC invocations=94 (full 3):
 PSYoungGen      total 6656K, used 208K [0x00000000d5580000, 0x00000000d6200000, 0x0000000100000000)
  eden space 6144K, 0% used [0x00000000d5580000,0x00000000d5580000,0x00000000d5b80000)
  from space 512K, 40% used [0x00000000d6100000,0x00000000d6134010,0x00000000d6180000)
  to   space 512K, 0% used [0x00000000d6180000,0x00000000d6180000,0x00000000d6200000)
 ParOldGen       total 75264K, used 74785K [0x0000000080000000, 0x0000000084980000, 0x00000000d5580000)
  object space 75264K, 99% used [0x0000000080000000,0x0000000084908770,0x0000000084980000)
 Metaspace       used 70665K, committed 72256K, reserved 1114112K
  class space    used 7432K, committed 8128K, reserved 1048576K
}
Event: 3034.291 GC heap before
{Heap before GC invocations=95 (full 3):
 PSYoungGen      total 6656K, used 6352K [0x00000000d5580000, 0x00000000d6200000, 0x0000000100000000)
  eden space 6144K, 100% used [0x00000000d5580000,0x00000000d5b80000,0x00000000d5b80000)
  from space 512K, 40% used [0x00000000d6100000,0x00000000d6134010,0x00000000d6180000)
  to   space 512K, 0% used [0x00000000d6180000,0x00000000d6180000,0x00000000d6200000)
 ParOldGen       total 75264K, used 74785K [0x0000000080000000, 0x0000000084980000, 0x00000000d5580000)
  object space 75264K, 99% used [0x0000000080000000,0x0000000084908770,0x0000000084980000)
 Metaspace       used 71082K, committed 72576K, reserved 1114112K
  class space    used 7471K, committed 8128K, reserved 1048576K
}
Event: 3034.335 GC heap after
{Heap after GC invocations=95 (full 3):
 PSYoungGen      total 6656K, used 432K [0x00000000d5580000, 0x00000000d6200000, 0x0000000100000000)
  eden space 6144K, 0% used [0x00000000d5580000,0x00000000d5580000,0x00000000d5b80000)
  from space 512K, 84% used [0x00000000d6180000,0x00000000d61ec030,0x00000000d6200000)
  to   space 512K, 0% used [0x00000000d6100000,0x00000000d6100000,0x00000000d6180000)
 ParOldGen       total 75264K, used 74893K [0x0000000080000000, 0x0000000084980000, 0x00000000d5580000)
  object space 75264K, 99% used [0x0000000080000000,0x0000000084923790,0x0000000084980000)
 Metaspace       used 71082K, committed 72576K, reserved 1114112K
  class space    used 7471K, committed 8128K, reserved 1048576K
}

